<?xml version="1.0" encoding="UTF-8"?>
<testng-results skipped="0" failed="0" ignored="0" total="0" passed="0">
  <reporter-output>
  </reporter-output>
  <suite name="Suite" duration-ms="8" started-at="2018-07-11T18:30:59Z" finished-at="2018-07-11T18:30:59Z">
    <groups>
    </groups>
    <test name="Test" duration-ms="8" started-at="2018-07-11T18:30:59Z" finished-at="2018-07-11T18:30:59Z">
      <class name="week2day1.OpenWebpage">
        <test-method status="PASS" signature="beforeSuite()[pri:0, instance:week2day1.OpenWebpage@32be31]" name="beforeSuite" is-config="true" duration-ms="461" started-at="2018-07-11T18:30:59Z" finished-at="2018-07-11T18:30:59Z">
          <reporter-output>
          </reporter-output>
        </test-method> <!-- beforeSuite -->
        <test-method status="PASS" signature="beforeTest()[pri:0, instance:week2day1.OpenWebpage@32be31]" name="beforeTest" is-config="true" duration-ms="0" started-at="2018-07-11T18:30:59Z" finished-at="2018-07-11T18:30:59Z">
          <reporter-output>
          </reporter-output>
        </test-method> <!-- beforeTest -->
        <test-method status="PASS" signature="afterTest()[pri:0, instance:week2day1.OpenWebpage@32be31]" name="afterTest" is-config="true" duration-ms="0" started-at="2018-07-11T18:30:59Z" finished-at="2018-07-11T18:30:59Z">
          <reporter-output>
          </reporter-output>
        </test-method> <!-- afterTest -->
        <test-method status="PASS" signature="afterSuite()[pri:0, instance:week2day1.OpenWebpage@32be31]" name="afterSuite" is-config="true" duration-ms="4" started-at="2018-07-11T18:30:59Z" finished-at="2018-07-11T18:30:59Z">
          <reporter-output>
          </reporter-output>
        </test-method> <!-- afterSuite -->
      </class> <!-- week2day1.OpenWebpage -->
    </test> <!-- Test -->
  </suite> <!-- Suite -->
</testng-results>
